#
# There is insufficient memory for the Java Runtime Environment to continue.
# Native memory allocation (malloc) failed to allocate 32784 bytes for Chunk::new
# Possible reasons:
#   The system is out of physical RAM or swap space
#   In 32 bit mode, the process size limit was hit
# Possible solutions:
#   Reduce memory load on the system
#   Increase physical memory or swap space
#   Check if swap backing store is full
#   Use 64 bit Java on a 64 bit OS
#   Decrease Java heap size (-Xmx/-Xms)
#   Decrease number of Java threads
#   Decrease Java thread stack sizes (-Xss)
#   Set larger code cache with -XX:ReservedCodeCacheSize=
# This output file may be truncated or incomplete.
#
#  Out of Memory Error (allocation.cpp:390), pid=2528, tid=10444
#
# JRE version: Java(TM) SE Runtime Environment (8.0_51-b16) (build 1.8.0_51-b16)
# Java VM: Java HotSpot(TM) 64-Bit Server VM (25.51-b03 mixed mode windows-amd64 compressed oops)
# Failed to write core dump. Minidumps are not enabled by default on client versions of Windows
#

---------------  T H R E A D  ---------------

Current thread (0x0000000016621000):  JavaThread "C2 CompilerThread1" daemon [_thread_in_native, id=10444, stack(0x0000000016a20000,0x0000000016b20000)]

Stack: [0x0000000016a20000,0x0000000016b20000]
Native frames: (J=compiled Java code, j=interpreted, Vv=VM code, C=native code)
V  [jvm.dll+0x32b4ca]
V  [jvm.dll+0x2797e3]
V  [jvm.dll+0x27a479]
V  [jvm.dll+0x271765]
V  [jvm.dll+0xcba02]
V  [jvm.dll+0xcbecc]
V  [jvm.dll+0xcc224]
V  [jvm.dll+0x4ea2b0]
V  [jvm.dll+0x4f4289]
V  [jvm.dll+0x4fcf0a]
V  [jvm.dll+0x4f5f37]
V  [jvm.dll+0x4f62b9]
V  [jvm.dll+0x4f684f]
V  [jvm.dll+0x4510a0]
V  [jvm.dll+0x475db1]
V  [jvm.dll+0x4fd325]
V  [jvm.dll+0x4f5f37]
V  [jvm.dll+0x4f62b9]
V  [jvm.dll+0x4f684f]
V  [jvm.dll+0x4510a0]
V  [jvm.dll+0x475db1]
V  [jvm.dll+0x4fd325]
V  [jvm.dll+0x4f5f37]
V  [jvm.dll+0x4f62b9]
V  [jvm.dll+0x4f684f]
V  [jvm.dll+0x4510a0]
V  [jvm.dll+0x46cb55]
V  [jvm.dll+0x4501a2]
V  [jvm.dll+0xa43a2]
V  [jvm.dll+0xa4cdf]
V  [jvm.dll+0x2418a4]
V  [jvm.dll+0x29846a]
C  [msvcr100.dll+0x21d9f]
C  [msvcr100.dll+0x21e3b]
C  [KERNEL32.DLL+0x18102]
C  [ntdll.dll+0x5c5b4]


Current CompileTask:
C2:   3423 1393       4       com.android.dx.ssa.SCCP::simulateStmt (481 bytes)


---------------  P R O C E S S  ---------------

Java Threads: ( => current thread )
  0x0000000016978800 JavaThread "pool-1-thread-4" [_thread_in_Java, id=1588, stack(0x0000000017a20000,0x0000000017b20000)]
  0x0000000016978000 JavaThread "pool-1-thread-3" [_thread_in_Java, id=10076, stack(0x0000000017920000,0x0000000017a20000)]
  0x0000000016977000 JavaThread "pool-1-thread-2" [_thread_in_Java, id=9452, stack(0x0000000017820000,0x0000000017920000)]
  0x0000000016974000 JavaThread "pool-2-thread-1" [_thread_blocked, id=9448, stack(0x0000000017720000,0x0000000017820000)]
  0x0000000016893000 JavaThread "pool-1-thread-1" [_thread_in_vm, id=10064, stack(0x0000000017620000,0x0000000017720000)]
  0x000000001668a800 JavaThread "Service Thread" daemon [_thread_blocked, id=8620, stack(0x0000000016c20000,0x0000000016d20000)]
  0x0000000016684800 JavaThread "C1 CompilerThread2" daemon [_thread_blocked, id=2508, stack(0x0000000016b20000,0x0000000016c20000)]
=>0x0000000016621000 JavaThread "C2 CompilerThread1" daemon [_thread_in_native, id=10444, stack(0x0000000016a20000,0x0000000016b20000)]
  0x000000001501e000 JavaThread "C2 CompilerThread0" daemon [_thread_in_native, id=11968, stack(0x0000000016520000,0x0000000016620000)]
  0x000000001501c000 JavaThread "Attach Listener" daemon [_thread_blocked, id=1104, stack(0x0000000016420000,0x0000000016520000)]
  0x0000000014fd1000 JavaThread "Signal Dispatcher" daemon [_thread_blocked, id=2012, stack(0x0000000016320000,0x0000000016420000)]
  0x00000000028e8800 JavaThread "Finalizer" daemon [_thread_blocked, id=7536, stack(0x0000000016220000,0x0000000016320000)]
  0x00000000028df000 JavaThread "Reference Handler" daemon [_thread_blocked, id=2064, stack(0x0000000016120000,0x0000000016220000)]
  0x000000000246e000 JavaThread "main" [_thread_blocked, id=1364, stack(0x0000000002300000,0x0000000002400000)]

Other Threads:
  0x0000000014f87800 VMThread [stack: 0x0000000016020000,0x0000000016120000] [id=12708]
  0x0000000016693800 WatcherThread [stack: 0x0000000016d20000,0x0000000016e20000] [id=7016]

VM state:not at safepoint (normal execution)

VM Mutex/Monitor currently owned by a thread: None

Heap:
 PSYoungGen      total 38400K, used 35698K [0x00000000eab00000, 0x00000000ef600000, 0x0000000100000000)
  eden space 33280K, 91% used [0x00000000eab00000,0x00000000ec8e19d0,0x00000000ecb80000)
  from space 5120K, 99% used [0x00000000ecb80000,0x00000000ed07b048,0x00000000ed080000)
  to   space 5120K, 0% used [0x00000000ef100000,0x00000000ef100000,0x00000000ef600000)
 ParOldGen       total 87552K, used 88K [0x00000000c0000000, 0x00000000c5580000, 0x00000000eab00000)
  object space 87552K, 0% used [0x00000000c0000000,0x00000000c00162e0,0x00000000c5580000)
 Metaspace       used 6164K, capacity 7024K, committed 7296K, reserved 1056768K
  class space    used 596K, capacity 616K, committed 640K, reserved 1048576K

Card table byte_map: [0x0000000011cb0000,0x0000000011ec0000] byte_map_base: 0x00000000116b0000

Marking Bits: (ParMarkBitMap*) 0x0000000061de4040
 Begin Bits: [0x0000000012420000, 0x0000000013420000)
 End Bits:   [0x0000000013420000, 0x0000000014420000)

Polling page: 0x0000000000790000

CodeCache: size=245760Kb used=5653Kb max_used=5653Kb free=240106Kb
 bounds [0x00000000028f0000, 0x0000000002e80000, 0x00000000118f0000]
 total_blobs=1693 nmethods=1420 adapters=184
 compilation: disabled (not enough contiguous free space left)

Compilation events (10 events):
Event: 3.263 Thread 0x0000000016621000 1422       4       java.util.ArrayList::subListRangeCheck (110 bytes)
Event: 3.264 Thread 0x0000000016621000 nmethod 1422 0x0000000002e3e990 code [0x0000000002e3eac0, 0x0000000002e3eb58]
Event: 3.264 Thread 0x0000000016621000 1405       4       com.android.dx.ssa.SsaInsn::<init> (29 bytes)
Event: 3.264 Thread 0x0000000016684800 1424       3       com.android.dx.dex.file.DexFile::internIfAppropriate (128 bytes)
Event: 3.264 Thread 0x0000000016621000 nmethod 1405 0x0000000002e3a590 code [0x0000000002e3a6c0, 0x0000000002e3a758]
Event: 3.264 Thread 0x0000000016621000 1393       4       com.android.dx.ssa.SCCP::simulateStmt (481 bytes)
Event: 3.265 Thread 0x0000000016684800 nmethod 1424 0x0000000002e6b250 code [0x0000000002e6b4e0, 0x0000000002e6ca58]
Event: 3.266 Thread 0x0000000016684800 1426       3       java.util.BitSet::set (18 bytes)
Event: 3.266 Thread 0x0000000016684800 nmethod 1426 0x0000000002e6add0 code [0x0000000002e6af40, 0x0000000002e6b178]
Event: 3.266 Thread 0x0000000016684800 1427   !   3       com.android.dx.cf.direct.StdAttributeFactory::parseLocalVariables (274 bytes)

GC Heap History (2 events):
Event: 1.969 GC heap before
{Heap before GC invocations=1 (full 0):
 PSYoungGen      total 38400K, used 33280K [0x00000000eab00000, 0x00000000ed580000, 0x0000000100000000)
  eden space 33280K, 100% used [0x00000000eab00000,0x00000000ecb80000,0x00000000ecb80000)
  from space 5120K, 0% used [0x00000000ed080000,0x00000000ed080000,0x00000000ed580000)
  to   space 5120K, 0% used [0x00000000ecb80000,0x00000000ecb80000,0x00000000ed080000)
 ParOldGen       total 87552K, used 0K [0x00000000c0000000, 0x00000000c5580000, 0x00000000eab00000)
  object space 87552K, 0% used [0x00000000c0000000,0x00000000c0000000,0x00000000c5580000)
 Metaspace       used 5922K, capacity 6832K, committed 7040K, reserved 1056768K
  class space    used 594K, capacity 616K, committed 640K, reserved 1048576K
Event: 2.255 GC heap after
Heap after GC invocations=1 (full 0):
 PSYoungGen      total 38400K, used 5100K [0x00000000eab00000, 0x00000000ef600000, 0x0000000100000000)
  eden space 33280K, 0% used [0x00000000eab00000,0x00000000eab00000,0x00000000ecb80000)
  from space 5120K, 99% used [0x00000000ecb80000,0x00000000ed07b048,0x00000000ed080000)
  to   space 5120K, 0% used [0x00000000ef100000,0x00000000ef100000,0x00000000ef600000)
 ParOldGen       total 87552K, used 88K [0x00000000c0000000, 0x00000000c5580000, 0x00000000eab00000)
  object space 87552K, 0% used [0x00000000c0000000,0x00000000c00162e0,0x00000000c5580000)
 Metaspace       used 5922K, capacity 6832K, committed 7040K, reserved 1056768K
  class space    used 594K, capacity 616K, committed 640K, reserved 1048576K
}

Deoptimization events (10 events):
Event: 2.280 Thread 0x0000000016978800 Uncommon trap: reason=unstable_if action=reinterpret pc=0x0000000002b300f0 method=java.util.BitSet.nextSetBit(I)I @ 87
Event: 2.395 Thread 0x0000000016893000 Uncommon trap: reason=class_check action=maybe_recompile pc=0x0000000002d10a24 method=com.android.dx.rop.type.Type.equals(Ljava/lang/Object;)Z @ 8
Event: 2.395 Thread 0x0000000016893000 Uncommon trap: reason=null_check action=make_not_entrant pc=0x0000000002d10a34 method=com.android.dx.rop.type.Type.equals(Ljava/lang/Object;)Z @ 8
Event: 2.435 Thread 0x0000000016977000 Uncommon trap: reason=unstable_if action=reinterpret pc=0x0000000002d239b8 method=com.android.dx.cf.code.Ropper.labelToResultIndex(I)I @ 34
Event: 2.435 Thread 0x0000000016977000 Uncommon trap: reason=class_check action=maybe_recompile pc=0x0000000002bfb71c method=com.android.dx.rop.type.Type.equals(Ljava/lang/Object;)Z @ 8
Event: 2.435 Thread 0x0000000016977000 Uncommon trap: reason=class_check action=maybe_recompile pc=0x0000000002bfb71c method=com.android.dx.rop.type.Type.equals(Ljava/lang/Object;)Z @ 8
Event: 2.435 Thread 0x0000000016977000 Uncommon trap: reason=class_check action=maybe_recompile pc=0x0000000002bfb71c method=com.android.dx.rop.type.Type.equals(Ljava/lang/Object;)Z @ 8
Event: 2.439 Thread 0x0000000016977000 Uncommon trap: reason=unstable_if action=reinterpret pc=0x0000000002da76a0 method=com.android.dx.util.LabeledList.set(ILcom/android/dx/util/LabeledItem;)V @ 16
Event: 2.441 Thread 0x0000000016977000 Uncommon trap: reason=class_check action=maybe_recompile pc=0x0000000002c3e040 method=com.android.dx.rop.type.Type.equals(Ljava/lang/Object;)Z @ 8
Event: 3.347 Thread 0x000000000246e000 Uncommon trap: reason=unloaded action=reinterpret pc=0x0000000002ddad94 method=com.android.dx.cf.cst.ConstantPoolParser.parse0(ILjava/util/BitSet;)Lcom/android/dx/rop/cst/Constant; @ 198

Internal exceptions (3 events):
Event: 0.055 Thread 0x000000000246e000 Exception <a 'java/lang/NoSuchMethodError': Method sun.misc.Unsafe.defineClass(Ljava/lang/String;[BII)Ljava/lang/Class; name or signature does not match> (0x00000000eab12d60) thrown at [C:\re\workspace\8-2-build-windows-amd64-cygwin\jdk8u51\3951\hotspot\sr‘“Ýv("¬?
Event: 0.055 Thread 0x000000000246e000 Exception <a 'java/lang/NoSuchMethodError': Method sun.misc.Unsafe.prefetchRead(Ljava/lang/Object;J)V name or signature does not match> (0x00000000eab12ff0) thrown at [C:\re\workspace\8-2-build-windows-amd64-cygwin\jdk8u51\3951\hotspot\src\share\vm\prims\jdæ“Ç)@
Event: 2.395 Thread 0x0000000016893000 Implicit null exception at 0x0000000002d10922 to 0x0000000002d10a25

Events (10 events):
Event: 2.435 Thread 0x0000000016977000 DEOPT UNPACKING pc=0x000000000293582a sp=0x000000001791ee68 mode 2
Event: 2.439 Thread 0x0000000016977000 Uncommon trap: trap_request=0xffffff65 fr.pc=0x0000000002da76a0
Event: 2.439 Thread 0x0000000016977000 DEOPT PACKING pc=0x0000000002da76a0 sp=0x000000001791edc0
Event: 2.439 Thread 0x0000000016977000 DEOPT UNPACKING pc=0x000000000293582a sp=0x000000001791eda8 mode 2
Event: 2.441 Thread 0x0000000016977000 Uncommon trap: trap_request=0xffffffde fr.pc=0x0000000002c3e040
Event: 2.441 Thread 0x0000000016977000 DEOPT PACKING pc=0x0000000002c3e040 sp=0x000000001791e420
Event: 2.441 Thread 0x0000000016977000 DEOPT UNPACKING pc=0x000000000293582a sp=0x000000001791e148 mode 2
Event: 3.347 Thread 0x000000000246e000 Uncommon trap: trap_request=0x000000d0 fr.pc=0x0000000002ddad94
Event: 3.347 Thread 0x000000000246e000 DEOPT PACKING pc=0x0000000002ddad94 sp=0x00000000023fe710
Event: 3.347 Thread 0x000000000246e000 DEOPT UNPACKING pc=0x000000000293582a sp=0x00000000023fe6d8 mode 2


Dynamic libraries:
0x00007ff7c0fa0000 - 0x00007ff7c0fd7000 	C:\Program Files\Java\jdk1.8.0_51\bin\java.exe
0x00007ffd316e0000 - 0x00007ffd318a1000 	C:\WINDOWS\SYSTEM32\ntdll.dll
0x00007ffd31070000 - 0x00007ffd3111d000 	C:\WINDOWS\system32\KERNEL32.DLL
0x00007ffd2e110000 - 0x00007ffd2e2f8000 	C:\WINDOWS\system32\KERNELBASE.dll
0x00007ffd31630000 - 0x00007ffd316d7000 	C:\WINDOWS\system32\ADVAPI32.dll
0x00007ffd30c80000 - 0x00007ffd30d1d000 	C:\WINDOWS\system32\msvcrt.dll
0x00007ffd311f0000 - 0x00007ffd3124b000 	C:\WINDOWS\system32\sechost.dll
0x00007ffd2eae0000 - 0x00007ffd2ebfc000 	C:\WINDOWS\system32\RPCRT4.dll
0x00007ffd31270000 - 0x00007ffd313c6000 	C:\WINDOWS\system32\USER32.dll
0x00007ffd2ec10000 - 0x00007ffd2ed96000 	C:\WINDOWS\system32\GDI32.dll
0x00007ffd1cde0000 - 0x00007ffd1d054000 	C:\WINDOWS\WinSxS\amd64_microsoft.windows.common-controls_6595b64144ccf1df_6.0.10586.0_none_8c15ae12515e1c22\COMCTL32.dll
0x00007ffd2f230000 - 0x00007ffd2f4ad000 	C:\WINDOWS\system32\combase.dll
0x00007ffd2e300000 - 0x00007ffd2e36a000 	C:\WINDOWS\system32\bcryptPrimitives.dll
0x00007ffd30ed0000 - 0x00007ffd30f0b000 	C:\WINDOWS\system32\IMM32.DLL
0x0000000061120000 - 0x00000000611f2000 	C:\Program Files\Java\jdk1.8.0_51\jre\bin\msvcr100.dll
0x00000000615e0000 - 0x0000000061e63000 	C:\Program Files\Java\jdk1.8.0_51\jre\bin\server\jvm.dll
0x00007ffd30f90000 - 0x00007ffd30f98000 	C:\WINDOWS\system32\PSAPI.DLL
0x00007ffd20190000 - 0x00007ffd20199000 	C:\WINDOWS\SYSTEM32\WSOCK32.dll
0x00007ffd2c080000 - 0x00007ffd2c0a3000 	C:\WINDOWS\SYSTEM32\WINMM.dll
0x00007ffd2bcc0000 - 0x00007ffd2bcca000 	C:\WINDOWS\SYSTEM32\VERSION.dll
0x00007ffd2b6a0000 - 0x00007ffd2b6cc000 	C:\WINDOWS\SYSTEM32\WINMMBASE.dll
0x00007ffd2ddb0000 - 0x00007ffd2ddf3000 	C:\WINDOWS\system32\cfgmgr32.dll
0x00007ffd30fa0000 - 0x00007ffd3100b000 	C:\WINDOWS\system32\WS2_32.dll
0x0000000063020000 - 0x000000006302f000 	C:\Program Files\Java\jdk1.8.0_51\jre\bin\verify.dll
0x0000000062690000 - 0x00000000626b9000 	C:\Program Files\Java\jdk1.8.0_51\jre\bin\java.dll
0x00000000615c0000 - 0x00000000615d6000 	C:\Program Files\Java\jdk1.8.0_51\jre\bin\zip.dll
0x00007ffd2f4b0000 - 0x00007ffd30a0c000 	C:\WINDOWS\system32\SHELL32.dll
0x00007ffd2e430000 - 0x00007ffd2ea74000 	C:\WINDOWS\system32\windows.storage.dll
0x00007ffd31010000 - 0x00007ffd31062000 	C:\WINDOWS\system32\shlwapi.dll
0x00007ffd2dd30000 - 0x00007ffd2dd3f000 	C:\WINDOWS\system32\kernel.appcore.dll
0x00007ffd2e370000 - 0x00007ffd2e425000 	C:\WINDOWS\system32\shcore.dll
0x00007ffd2dd40000 - 0x00007ffd2dd8b000 	C:\WINDOWS\system32\powrprof.dll
0x00007ffd2dd00000 - 0x00007ffd2dd14000 	C:\WINDOWS\system32\profapi.dll
0x00007ffd1f260000 - 0x00007ffd1f3ec000 	C:\WINDOWS\SYSTEM32\dbghelp.dll

VM Arguments:
jvm_args: -Djava.awt.headless=true -Xmx1024M -Dfile.encoding=GBK -Duser.country=CN -Duser.language=zh -Duser.variant 
java_command: com.android.dx.command.Main --dex --num-threads=4 --output D:\java\AndroidStudio\PicassoDemo\app\build\intermediates\pre-dexed\debug\com.android.support-support-v4-23.4.0_9ddaa8bb823885bb8362899bcacff9f223e859e9.jar D:\java\AndroidStudio\PicassoDemo\app\build\intermediates\exploded-aar\com.android.support\support-v4\23.4.0\jars\classes.jar
java_class_path (initial): E:\Users\guoecho\AppData\Local\Android\sdk1\build-tools\23.0.2\lib\dx.jar
Launcher Type: SUN_STANDARD

Environment Variables:
JAVA_HOME=C:\Program Files\Java\jdk1.8.0_51
CLASSPATH=.;C:\Program Files\Java\jdk1.8.0_51\lib;
PATH=C:\Program Files\Java\jdk1.8.0_51\bin;C:\ProgramData\Oracle\Java\javapath;C:\Program Files (x86)\Intel\iCLS Client\;C:\Program Files\Intel\iCLS Client\;C:\Windows\system32;C:\Windows;C:\Windows\System32\Wbem;C:\Windows\System32\WindowsPowerShell\v1.0\;C:\Program Files (x86)\Acer\abFiles\;C:\Program Files\Intel\Intel(R) Management Engine Components\DAL;C:\Program Files (x86)\Intel\Intel(R) Management Engine Components\DAL;C:\Program Files\Intel\Intel(R) Management Engine Components\IPT;C:\Program Files (x86)\Intel\Intel(R) Management Engine Components\IPT;C:\WINDOWS\system32;C:\WINDOWS;C:\WINDOWS\System32\Wbem;C:\WINDOWS\System32\WindowsPowerShell\v1.0\;C:\Program Files (x86)\MySQL\MySQL Fabric 1.5 & MySQL Utilities 1.5\;C:\Program Files (x86)\MySQL\MySQL Fabric 1.5 & MySQL Utilities 1.5\Doctrine extensions for PHP\;C:\WINDOWSSystem32;C:\WINDOWSSystem32WindowsPowerShellv1.0;E:\Program Files (x86)\Python\Python35-32\Scripts\;E:\Program Files (x86)\Python\Python35-32\
USERNAME=guoecho
OS=Windows_NT
PROCESSOR_IDENTIFIER=Intel64 Family 6 Model 61 Stepping 4, GenuineIntel



---------------  S Y S T E M  ---------------

OS: Windows 10.0 , 64 bit Build 10586 (10.0.10586.0)

CPU:total 4 (2 cores per cpu, 2 threads per core) family 6 model 61 stepping 4, cmov, cx8, fxsr, mmx, sse, sse2, sse3, ssse3, sse4.1, sse4.2, popcnt, avx, avx2, aes, clmul, erms, 3dnowpref, lzcnt, ht, tsc, tscinvbit, bmi1, bmi2, adx

Memory: 4k page, physical 8301904k(1664548k free), swap 8301904k(2076k free)

vm_info: Java HotSpot(TM) 64-Bit Server VM (25.51-b03) for windows-amd64 JRE (1.8.0_51-b16), built on Jun  8 2015 18:03:07 by "java_re" with MS VC++ 10.0 (VS2010)

time: Mon Jun 20 19:13:46 2016
elapsed time: 3 seconds (0d 0h 0m 3s)

