#
# There is insufficient memory for the Java Runtime Environment to continue.
# Native memory allocation (malloc) failed to allocate 65552 bytes for Chunk::new
# Possible reasons:
#   The system is out of physical RAM or swap space
#   In 32 bit mode, the process size limit was hit
# Possible solutions:
#   Reduce memory load on the system
#   Increase physical memory or swap space
#   Check if swap backing store is full
#   Use 64 bit Java on a 64 bit OS
#   Decrease Java heap size (-Xmx/-Xms)
#   Decrease number of Java threads
#   Decrease Java thread stack sizes (-Xss)
#   Set larger code cache with -XX:ReservedCodeCacheSize=
# This output file may be truncated or incomplete.
#
#  Out of Memory Error (allocation.cpp:390), pid=5372, tid=7676
#
# JRE version: Java(TM) SE Runtime Environment (8.0_51-b16) (build 1.8.0_51-b16)
# Java VM: Java HotSpot(TM) 64-Bit Server VM (25.51-b03 mixed mode windows-amd64 compressed oops)
# Failed to write core dump. Minidumps are not enabled by default on client versions of Windows
#

---------------  T H R E A D  ---------------

Current thread (0x0000000015c0c800):  JavaThread "C2 CompilerThread0" daemon [_thread_in_native, id=7676, stack(0x0000000017110000,0x0000000017210000)]

Stack: [0x0000000017110000,0x0000000017210000]
Native frames: (J=compiled Java code, j=interpreted, Vv=VM code, C=native code)
V  [jvm.dll+0x32b4ca]
V  [jvm.dll+0x2797e3]
V  [jvm.dll+0x27a479]
V  [jvm.dll+0x271765]
V  [jvm.dll+0xcba02]
V  [jvm.dll+0xcbecc]
V  [jvm.dll+0xcc224]
V  [jvm.dll+0x4ea2b0]
V  [jvm.dll+0x4c27be]
V  [jvm.dll+0x4c3bc3]
V  [jvm.dll+0x4c3e91]
V  [jvm.dll+0x4c4570]
V  [jvm.dll+0x4c476f]
V  [jvm.dll+0x4c4783]
V  [jvm.dll+0x4c4783]
V  [jvm.dll+0x4c4783]
V  [jvm.dll+0x4c4783]
V  [jvm.dll+0x4c4783]
V  [jvm.dll+0x4c4783]
V  [jvm.dll+0x4c4736]
V  [jvm.dll+0x4c4783]
V  [jvm.dll+0x4c4783]
V  [jvm.dll+0x4c4783]
V  [jvm.dll+0x4c4783]
V  [jvm.dll+0x4c4783]
V  [jvm.dll+0x4c4783]
V  [jvm.dll+0x4c4783]
V  [jvm.dll+0x4c4783]
V  [jvm.dll+0x4c4783]
V  [jvm.dll+0x4c4783]
V  [jvm.dll+0x4c4783]
V  [jvm.dll+0x4b9b51]
V  [jvm.dll+0x46bb38]
V  [jvm.dll+0x46cd4e]
V  [jvm.dll+0x4501a2]
V  [jvm.dll+0xa43a2]
V  [jvm.dll+0xa4cdf]
V  [jvm.dll+0x2418a4]
V  [jvm.dll+0x29846a]
C  [msvcr100.dll+0x21d9f]
C  [msvcr100.dll+0x21e3b]
C  [KERNEL32.DLL+0x18102]
C  [ntdll.dll+0x5c5b4]


Current CompileTask:
C2:   3558 1330       4       com.android.dx.dex.code.OutputFinisher::addConstants (93 bytes)


---------------  P R O C E S S  ---------------

Java Threads: ( => current thread )
  0x000000001727b000 JavaThread "Service Thread" daemon [_thread_blocked, id=4708, stack(0x0000000017810000,0x0000000017910000)]
  0x000000001726c000 JavaThread "C1 CompilerThread2" daemon [_thread_blocked, id=6712, stack(0x0000000017710000,0x0000000017810000)]
  0x000000001722e800 JavaThread "C2 CompilerThread1" daemon [_thread_blocked, id=11072, stack(0x0000000017610000,0x0000000017710000)]
=>0x0000000015c0c800 JavaThread "C2 CompilerThread0" daemon [_thread_in_native, id=7676, stack(0x0000000017110000,0x0000000017210000)]
  0x0000000015c0a000 JavaThread "Attach Listener" daemon [_thread_blocked, id=6908, stack(0x0000000017010000,0x0000000017110000)]
  0x0000000015bbf000 JavaThread "Signal Dispatcher" daemon [_thread_blocked, id=3916, stack(0x0000000016f10000,0x0000000017010000)]
  0x00000000034d6800 JavaThread "Finalizer" daemon [_thread_blocked, id=9868, stack(0x0000000016e10000,0x0000000016f10000)]
  0x00000000034cd800 JavaThread "Reference Handler" daemon [_thread_blocked, id=13000, stack(0x0000000016d10000,0x0000000016e10000)]
  0x0000000002f4e000 JavaThread "main" [_thread_in_Java, id=9900, stack(0x00000000032e0000,0x00000000033e0000)]

Other Threads:
  0x0000000015b78000 VMThread [stack: 0x0000000016c10000,0x0000000016d10000] [id=6284]
  0x0000000017294800 WatcherThread [stack: 0x0000000017910000,0x0000000017a10000] [id=11848]

VM state:not at safepoint (normal execution)

VM Mutex/Monitor currently owned by a thread: None

Heap:
 PSYoungGen      total 38400K, used 12419K [0x00000000eab00000, 0x00000000ef600000, 0x0000000100000000)
  eden space 33280K, 21% used [0x00000000eab00000,0x00000000eb222e90,0x00000000ecb80000)
  from space 5120K, 99% used [0x00000000ecb80000,0x00000000ed07e058,0x00000000ed080000)
  to   space 5120K, 0% used [0x00000000ef100000,0x00000000ef100000,0x00000000ef600000)
 ParOldGen       total 87552K, used 1637K [0x00000000c0000000, 0x00000000c5580000, 0x00000000eab00000)
  object space 87552K, 1% used [0x00000000c0000000,0x00000000c0199738,0x00000000c5580000)
 Metaspace       used 6218K, capacity 7088K, committed 7296K, reserved 1056768K
  class space    used 613K, capacity 616K, committed 640K, reserved 1048576K

Card table byte_map: [0x00000000128a0000,0x0000000012ab0000] byte_map_base: 0x00000000122a0000

Marking Bits: (ParMarkBitMap*) 0x0000000061de4040
 Begin Bits: [0x0000000013010000, 0x0000000014010000)
 End Bits:   [0x0000000014010000, 0x0000000015010000)

Polling page: 0x0000000000ff0000

CodeCache: size=245760Kb used=5668Kb max_used=5673Kb free=240091Kb
 bounds [0x00000000034e0000, 0x0000000003a70000, 0x00000000124e0000]
 total_blobs=1709 nmethods=1435 adapters=184
 compilation: disabled (not enough contiguous free space left)

Compilation events (10 events):
Event: 2.855 Thread 0x000000001726c000 nmethod 1360 0x0000000003a24b50 code [0x0000000003a24ce0, 0x0000000003a24fc8]
Event: 2.855 Thread 0x000000001726c000 1361       2       com.android.dx.dex.file.MixedItemSection$1::compare (13 bytes)
Event: 2.855 Thread 0x000000001726c000 nmethod 1361 0x0000000003a251d0 code [0x0000000003a25360, 0x0000000003a255a8]
Event: 3.001 Thread 0x0000000015c0c800 nmethod 1237 0x0000000003a2bc90 code [0x0000000003a2c0a0, 0x0000000003a2f850]
Event: 3.002 Thread 0x0000000015c0c800 1326       4       com.android.dx.rop.code.RegisterSpecSet::size (49 bytes)
Event: 3.005 Thread 0x0000000015c0c800 nmethod 1326 0x0000000003a28c10 code [0x0000000003a28d40, 0x0000000003a28e78]
Event: 3.005 Thread 0x0000000015c0c800 1330       4       com.android.dx.dex.code.OutputFinisher::addConstants (93 bytes)
Event: 3.259 Thread 0x000000001722e800 nmethod 1250 0x0000000003a3a150 code [0x0000000003a3a620, 0x0000000003a3e510]
Event: 3.259 Thread 0x000000001722e800 1239       4       com.android.dx.rop.code.ThrowingCstInsn::<init> (51 bytes)
Event: 3.261 Thread 0x000000001722e800 nmethod 1239 0x0000000003a2a290 code [0x0000000003a2a3e0, 0x0000000003a2a598]

GC Heap History (2 events):
Event: 2.388 GC heap before
{Heap before GC invocations=1 (full 0):
 PSYoungGen      total 38400K, used 33280K [0x00000000eab00000, 0x00000000ed580000, 0x0000000100000000)
  eden space 33280K, 100% used [0x00000000eab00000,0x00000000ecb80000,0x00000000ecb80000)
  from space 5120K, 0% used [0x00000000ed080000,0x00000000ed080000,0x00000000ed580000)
  to   space 5120K, 0% used [0x00000000ecb80000,0x00000000ecb80000,0x00000000ed080000)
 ParOldGen       total 87552K, used 0K [0x00000000c0000000, 0x00000000c5580000, 0x00000000eab00000)
  object space 87552K, 0% used [0x00000000c0000000,0x00000000c0000000,0x00000000c5580000)
 Metaspace       used 5962K, capacity 6896K, committed 7040K, reserved 1056768K
  class space    used 597K, capacity 616K, committed 640K, reserved 1048576K
Event: 2.706 GC heap after
Heap after GC invocations=1 (full 0):
 PSYoungGen      total 38400K, used 5112K [0x00000000eab00000, 0x00000000ef600000, 0x0000000100000000)
  eden space 33280K, 0% used [0x00000000eab00000,0x00000000eab00000,0x00000000ecb80000)
  from space 5120K, 99% used [0x00000000ecb80000,0x00000000ed07e058,0x00000000ed080000)
  to   space 5120K, 0% used [0x00000000ef100000,0x00000000ef100000,0x00000000ef600000)
 ParOldGen       total 87552K, used 1637K [0x00000000c0000000, 0x00000000c5580000, 0x00000000eab00000)
  object space 87552K, 1% used [0x00000000c0000000,0x00000000c0199738,0x00000000c5580000)
 Metaspace       used 5962K, capacity 6896K, committed 7040K, reserved 1056768K
  class space    used 597K, capacity 616K, committed 640K, reserved 1048576K
}

Deoptimization events (10 events):
Event: 2.750 Thread 0x0000000017396000 Uncommon trap: reason=bimorphic action=maybe_recompile pc=0x00000000038ecc14 method=com.android.dx.cf.code.BytecodeArray.parseInstruction(ILcom/android/dx/cf/code/BytecodeArray$Visitor;)I @ 1051
Event: 2.750 Thread 0x0000000017396000 Uncommon trap: reason=bimorphic action=maybe_recompile pc=0x00000000038ecb98 method=com.android.dx.cf.code.BytecodeArray.parseInstruction(ILcom/android/dx/cf/code/BytecodeArray$Visitor;)I @ 1035
Event: 2.792 Thread 0x0000000002f4e000 Uncommon trap: reason=class_check action=maybe_recompile pc=0x000000000396a308 method=java.util.Arrays.hashCode([Ljava/lang/Object;)I @ 43
Event: 2.792 Thread 0x0000000002f4e000 Uncommon trap: reason=class_check action=maybe_recompile pc=0x000000000396a308 method=java.util.Arrays.hashCode([Ljava/lang/Object;)I @ 43
Event: 2.792 Thread 0x0000000002f4e000 Uncommon trap: reason=class_check action=maybe_recompile pc=0x000000000396a308 method=java.util.Arrays.hashCode([Ljava/lang/Object;)I @ 43
Event: 2.792 Thread 0x0000000002f4e000 Uncommon trap: reason=class_check action=maybe_recompile pc=0x000000000396a308 method=java.util.Arrays.hashCode([Ljava/lang/Object;)I @ 43
Event: 2.792 Thread 0x0000000002f4e000 Uncommon trap: reason=class_check action=maybe_recompile pc=0x000000000391eee8 method=java.util.Arrays.hashCode([Ljava/lang/Object;)I @ 43
Event: 2.810 Thread 0x0000000002f4e000 Uncommon trap: reason=unstable_if action=reinterpret pc=0x0000000003968d70 method=java.util.HashMap.putVal(ILjava/lang/Object;Ljava/lang/Object;ZZ)Ljava/lang/Object; @ 94
Event: 2.834 Thread 0x0000000002f4e000 Uncommon trap: reason=bimorphic action=maybe_recompile pc=0x00000000037dd5d8 method=java.util.HashMap.getNode(ILjava/lang/Object;)Ljava/util/HashMap$Node; @ 126
Event: 2.843 Thread 0x0000000002f4e000 Uncommon trap: reason=bimorphic action=maybe_recompile pc=0x00000000037dd5d8 method=java.util.HashMap.getNode(ILjava/lang/Object;)Ljava/util/HashMap$Node; @ 126

Internal exceptions (3 events):
Event: 0.190 Thread 0x0000000002f4e000 Exception <a 'java/lang/NoSuchMethodError': Method sun.misc.Unsafe.defineClass(Ljava/lang/String;[BII)Ljava/lang/Class; name or signature does not match> (0x00000000eab12f00) thrown at [C:\re\workspace\8-2-build-windows-amd64-cygwin\jdk8u51\3951\hotspot\sròb?®a»?
Event: 0.190 Thread 0x0000000002f4e000 Exception <a 'java/lang/NoSuchMethodError': Method sun.misc.Unsafe.prefetchRead(Ljava/lang/Object;J)V name or signature does not match> (0x00000000eab13190) thrown at [C:\re\workspace\8-2-build-windows-amd64-cygwin\jdk8u51\3951\hotspot\src\share\vm\prims\jZr…
Event: 2.012 Thread 0x0000000017474800 Implicit null exception at 0x0000000003882562 to 0x0000000003882655

Events (10 events):
Event: 2.843 Thread 0x0000000002f4e000 DEOPT PACKING pc=0x00000000037dd5d8 sp=0x00000000033dec80
Event: 2.843 Thread 0x0000000002f4e000 DEOPT UNPACKING pc=0x000000000352582a sp=0x00000000033dec00 mode 2
Event: 2.848 loading class com/android/dex/Leb128
Event: 2.848 loading class com/android/dex/Leb128 done
Event: 2.853 loading class java/util/Collections$1
Event: 2.853 loading class java/util/Collections$1 done
Event: 2.853 loading class com/android/dx/dex/file/MixedItemSection$2
Event: 2.853 loading class com/android/dx/dex/file/MixedItemSection$2 done
Event: 2.855 loading class com/android/dx/dex/file/CodeItem$1
Event: 2.855 loading class com/android/dx/dex/file/CodeItem$1 done


Dynamic libraries:
0x00007ff7c0fa0000 - 0x00007ff7c0fd7000 	C:\Program Files\Java\jdk1.8.0_51\bin\java.exe
0x00007ffd316e0000 - 0x00007ffd318a1000 	C:\WINDOWS\SYSTEM32\ntdll.dll
0x00007ffd31070000 - 0x00007ffd3111d000 	C:\WINDOWS\system32\KERNEL32.DLL
0x00007ffd2e110000 - 0x00007ffd2e2f8000 	C:\WINDOWS\system32\KERNELBASE.dll
0x00007ffd31630000 - 0x00007ffd316d7000 	C:\WINDOWS\system32\ADVAPI32.dll
0x00007ffd30c80000 - 0x00007ffd30d1d000 	C:\WINDOWS\system32\msvcrt.dll
0x00007ffd311f0000 - 0x00007ffd3124b000 	C:\WINDOWS\system32\sechost.dll
0x00007ffd2eae0000 - 0x00007ffd2ebfc000 	C:\WINDOWS\system32\RPCRT4.dll
0x00007ffd31270000 - 0x00007ffd313c6000 	C:\WINDOWS\system32\USER32.dll
0x00007ffd2ec10000 - 0x00007ffd2ed96000 	C:\WINDOWS\system32\GDI32.dll
0x00007ffd1cde0000 - 0x00007ffd1d054000 	C:\WINDOWS\WinSxS\amd64_microsoft.windows.common-controls_6595b64144ccf1df_6.0.10586.0_none_8c15ae12515e1c22\COMCTL32.dll
0x00007ffd2f230000 - 0x00007ffd2f4ad000 	C:\WINDOWS\system32\combase.dll
0x00007ffd2e300000 - 0x00007ffd2e36a000 	C:\WINDOWS\system32\bcryptPrimitives.dll
0x00007ffd30ed0000 - 0x00007ffd30f0b000 	C:\WINDOWS\system32\IMM32.DLL
0x0000000061120000 - 0x00000000611f2000 	C:\Program Files\Java\jdk1.8.0_51\jre\bin\msvcr100.dll
0x00000000615e0000 - 0x0000000061e63000 	C:\Program Files\Java\jdk1.8.0_51\jre\bin\server\jvm.dll
0x00007ffd30f90000 - 0x00007ffd30f98000 	C:\WINDOWS\system32\PSAPI.DLL
0x00007ffd20190000 - 0x00007ffd20199000 	C:\WINDOWS\SYSTEM32\WSOCK32.dll
0x00007ffd2c080000 - 0x00007ffd2c0a3000 	C:\WINDOWS\SYSTEM32\WINMM.dll
0x00007ffd2bcc0000 - 0x00007ffd2bcca000 	C:\WINDOWS\SYSTEM32\VERSION.dll
0x00007ffd30fa0000 - 0x00007ffd3100b000 	C:\WINDOWS\system32\WS2_32.dll
0x00000000032b0000 - 0x00000000032dc000 	C:\WINDOWS\SYSTEM32\WINMMBASE.dll
0x00007ffd2ddb0000 - 0x00007ffd2ddf3000 	C:\WINDOWS\system32\cfgmgr32.dll
0x0000000063020000 - 0x000000006302f000 	C:\Program Files\Java\jdk1.8.0_51\jre\bin\verify.dll
0x0000000062690000 - 0x00000000626b9000 	C:\Program Files\Java\jdk1.8.0_51\jre\bin\java.dll
0x00000000615c0000 - 0x00000000615d6000 	C:\Program Files\Java\jdk1.8.0_51\jre\bin\zip.dll
0x00007ffd2f4b0000 - 0x00007ffd30a0c000 	C:\WINDOWS\system32\SHELL32.dll
0x00007ffd2e430000 - 0x00007ffd2ea74000 	C:\WINDOWS\system32\windows.storage.dll
0x00007ffd31010000 - 0x00007ffd31062000 	C:\WINDOWS\system32\shlwapi.dll
0x00007ffd2dd30000 - 0x00007ffd2dd3f000 	C:\WINDOWS\system32\kernel.appcore.dll
0x00007ffd2e370000 - 0x00007ffd2e425000 	C:\WINDOWS\system32\shcore.dll
0x00007ffd2dd40000 - 0x00007ffd2dd8b000 	C:\WINDOWS\system32\powrprof.dll
0x00007ffd2dd00000 - 0x00007ffd2dd14000 	C:\WINDOWS\system32\profapi.dll
0x00007ffd1f260000 - 0x00007ffd1f3ec000 	C:\WINDOWS\SYSTEM32\dbghelp.dll

VM Arguments:
jvm_args: -Djava.awt.headless=true -Xmx1024M -Dfile.encoding=GBK -Duser.country=CN -Duser.language=zh -Duser.variant 
java_command: com.android.dx.command.Main --dex --num-threads=4 --output D:\java\AndroidStudio\PicassoDemo\app\build\intermediates\pre-dexed\debug\com.android.support-support-vector-drawable-23.4.0_493321c4b365cf5d0f614bb4686808a615ba29f5.jar D:\java\AndroidStudio\PicassoDemo\app\build\intermediates\exploded-aar\com.android.support\support-vector-drawable\23.4.0\jars\classes.jar
java_class_path (initial): E:\Users\guoecho\AppData\Local\Android\sdk1\build-tools\23.0.2\lib\dx.jar
Launcher Type: SUN_STANDARD

Environment Variables:
JAVA_HOME=C:\Program Files\Java\jdk1.8.0_51
CLASSPATH=.;C:\Program Files\Java\jdk1.8.0_51\lib;
PATH=C:\Program Files\Java\jdk1.8.0_51\bin;C:\ProgramData\Oracle\Java\javapath;C:\Program Files (x86)\Intel\iCLS Client\;C:\Program Files\Intel\iCLS Client\;C:\Windows\system32;C:\Windows;C:\Windows\System32\Wbem;C:\Windows\System32\WindowsPowerShell\v1.0\;C:\Program Files (x86)\Acer\abFiles\;C:\Program Files\Intel\Intel(R) Management Engine Components\DAL;C:\Program Files (x86)\Intel\Intel(R) Management Engine Components\DAL;C:\Program Files\Intel\Intel(R) Management Engine Components\IPT;C:\Program Files (x86)\Intel\Intel(R) Management Engine Components\IPT;C:\WINDOWS\system32;C:\WINDOWS;C:\WINDOWS\System32\Wbem;C:\WINDOWS\System32\WindowsPowerShell\v1.0\;C:\Program Files (x86)\MySQL\MySQL Fabric 1.5 & MySQL Utilities 1.5\;C:\Program Files (x86)\MySQL\MySQL Fabric 1.5 & MySQL Utilities 1.5\Doctrine extensions for PHP\;C:\WINDOWSSystem32;C:\WINDOWSSystem32WindowsPowerShellv1.0;E:\Program Files (x86)\Python\Python35-32\Scripts\;E:\Program Files (x86)\Python\Python35-32\
USERNAME=guoecho
OS=Windows_NT
PROCESSOR_IDENTIFIER=Intel64 Family 6 Model 61 Stepping 4, GenuineIntel



---------------  S Y S T E M  ---------------

OS: Windows 10.0 , 64 bit Build 10586 (10.0.10586.0)

CPU:total 4 (2 cores per cpu, 2 threads per core) family 6 model 61 stepping 4, cmov, cx8, fxsr, mmx, sse, sse2, sse3, ssse3, sse4.1, sse4.2, popcnt, avx, avx2, aes, clmul, erms, 3dnowpref, lzcnt, ht, tsc, tscinvbit, bmi1, bmi2, adx

Memory: 4k page, physical 8301904k(1664548k free), swap 8301904k(2076k free)

vm_info: Java HotSpot(TM) 64-Bit Server VM (25.51-b03) for windows-amd64 JRE (1.8.0_51-b16), built on Jun  8 2015 18:03:07 by "java_re" with MS VC++ 10.0 (VS2010)

time: Mon Jun 20 19:13:46 2016
elapsed time: 3 seconds (0d 0h 0m 3s)

